2025-06-14T11:40:00.413Z [ERROR]: Error running database migrations: Error: Could not locate the bindings file. Tried:
 → /Users/pranavchanga/.npm/_npx/1ddbeaccabfe00a4/node_modules/better-sqlite3/build/better_sqlite3.node
 → /Users/pranavchanga/.npm/_npx/1ddbeaccabfe00a4/node_modules/better-sqlite3/build/Debug/better_sqlite3.node
 → /Users/pranavchanga/.npm/_npx/1ddbeaccabfe00a4/node_modules/better-sqlite3/build/Release/better_sqlite3.node
 → /Users/pranavchanga/.npm/_npx/1ddbeaccabfe00a4/node_modules/better-sqlite3/out/Debug/better_sqlite3.node
 → /Users/pranavchanga/.npm/_npx/1ddbeaccabfe00a4/node_modules/better-sqlite3/Debug/better_sqlite3.node
 → /Users/pranavchanga/.npm/_npx/1ddbeaccabfe00a4/node_modules/better-sqlite3/out/Release/better_sqlite3.node
 → /Users/pranavchanga/.npm/_npx/1ddbeaccabfe00a4/node_modules/better-sqlite3/Release/better_sqlite3.node
 → /Users/pranavchanga/.npm/_npx/1ddbeaccabfe00a4/node_modules/better-sqlite3/build/default/better_sqlite3.node
 → /Users/pranavchanga/.npm/_npx/1ddbeaccabfe00a4/node_modules/better-sqlite3/compiled/23.11.0/darwin/arm64/better_sqlite3.node
 → /Users/pranavchanga/.npm/_npx/1ddbeaccabfe00a4/node_modules/better-sqlite3/addon-build/release/install-root/better_sqlite3.node
 → /Users/pranavchanga/.npm/_npx/1ddbeaccabfe00a4/node_modules/better-sqlite3/addon-build/debug/install-root/better_sqlite3.node
 → /Users/pranavchanga/.npm/_npx/1ddbeaccabfe00a4/node_modules/better-sqlite3/addon-build/default/install-root/better_sqlite3.node
 → /Users/pranavchanga/.npm/_npx/1ddbeaccabfe00a4/node_modules/better-sqlite3/lib/binding/node-v131-darwin-arm64/better_sqlite3.node
2025-06-14T11:40:01.431Z [ERROR]: Error running database migrations: Error: Could not locate the bindings file. Tried:
 → /Users/pranavchanga/.npm/_npx/1ddbeaccabfe00a4/node_modules/better-sqlite3/build/better_sqlite3.node
 → /Users/pranavchanga/.npm/_npx/1ddbeaccabfe00a4/node_modules/better-sqlite3/build/Debug/better_sqlite3.node
 → /Users/pranavchanga/.npm/_npx/1ddbeaccabfe00a4/node_modules/better-sqlite3/build/Release/better_sqlite3.node
 → /Users/pranavchanga/.npm/_npx/1ddbeaccabfe00a4/node_modules/better-sqlite3/out/Debug/better_sqlite3.node
 → /Users/pranavchanga/.npm/_npx/1ddbeaccabfe00a4/node_modules/better-sqlite3/Debug/better_sqlite3.node
 → /Users/pranavchanga/.npm/_npx/1ddbeaccabfe00a4/node_modules/better-sqlite3/out/Release/better_sqlite3.node
 → /Users/pranavchanga/.npm/_npx/1ddbeaccabfe00a4/node_modules/better-sqlite3/Release/better_sqlite3.node
 → /Users/pranavchanga/.npm/_npx/1ddbeaccabfe00a4/node_modules/better-sqlite3/build/default/better_sqlite3.node
 → /Users/pranavchanga/.npm/_npx/1ddbeaccabfe00a4/node_modules/better-sqlite3/compiled/23.11.0/darwin/arm64/better_sqlite3.node
 → /Users/pranavchanga/.npm/_npx/1ddbeaccabfe00a4/node_modules/better-sqlite3/addon-build/release/install-root/better_sqlite3.node
 → /Users/pranavchanga/.npm/_npx/1ddbeaccabfe00a4/node_modules/better-sqlite3/addon-build/debug/install-root/better_sqlite3.node
 → /Users/pranavchanga/.npm/_npx/1ddbeaccabfe00a4/node_modules/better-sqlite3/addon-build/default/install-root/better_sqlite3.node
 → /Users/pranavchanga/.npm/_npx/1ddbeaccabfe00a4/node_modules/better-sqlite3/lib/binding/node-v131-darwin-arm64/better_sqlite3.node
2025-06-14T11:40:25.466Z [ERROR]: Error running database migrations: Error: Could not locate the bindings file. Tried:
 → /Users/pranavchanga/.npm/_npx/1ddbeaccabfe00a4/node_modules/better-sqlite3/build/better_sqlite3.node
 → /Users/pranavchanga/.npm/_npx/1ddbeaccabfe00a4/node_modules/better-sqlite3/build/Debug/better_sqlite3.node
 → /Users/pranavchanga/.npm/_npx/1ddbeaccabfe00a4/node_modules/better-sqlite3/build/Release/better_sqlite3.node
 → /Users/pranavchanga/.npm/_npx/1ddbeaccabfe00a4/node_modules/better-sqlite3/out/Debug/better_sqlite3.node
 → /Users/pranavchanga/.npm/_npx/1ddbeaccabfe00a4/node_modules/better-sqlite3/Debug/better_sqlite3.node
 → /Users/pranavchanga/.npm/_npx/1ddbeaccabfe00a4/node_modules/better-sqlite3/out/Release/better_sqlite3.node
 → /Users/pranavchanga/.npm/_npx/1ddbeaccabfe00a4/node_modules/better-sqlite3/Release/better_sqlite3.node
 → /Users/pranavchanga/.npm/_npx/1ddbeaccabfe00a4/node_modules/better-sqlite3/build/default/better_sqlite3.node
 → /Users/pranavchanga/.npm/_npx/1ddbeaccabfe00a4/node_modules/better-sqlite3/compiled/23.11.0/darwin/arm64/better_sqlite3.node
 → /Users/pranavchanga/.npm/_npx/1ddbeaccabfe00a4/node_modules/better-sqlite3/addon-build/release/install-root/better_sqlite3.node
 → /Users/pranavchanga/.npm/_npx/1ddbeaccabfe00a4/node_modules/better-sqlite3/addon-build/debug/install-root/better_sqlite3.node
 → /Users/pranavchanga/.npm/_npx/1ddbeaccabfe00a4/node_modules/better-sqlite3/addon-build/default/install-root/better_sqlite3.node
 → /Users/pranavchanga/.npm/_npx/1ddbeaccabfe00a4/node_modules/better-sqlite3/lib/binding/node-v131-darwin-arm64/better_sqlite3.node
2025-06-14T11:40:26.477Z [ERROR]: Error running database migrations: Error: Could not locate the bindings file. Tried:
 → /Users/pranavchanga/.npm/_npx/1ddbeaccabfe00a4/node_modules/better-sqlite3/build/better_sqlite3.node
 → /Users/pranavchanga/.npm/_npx/1ddbeaccabfe00a4/node_modules/better-sqlite3/build/Debug/better_sqlite3.node
 → /Users/pranavchanga/.npm/_npx/1ddbeaccabfe00a4/node_modules/better-sqlite3/build/Release/better_sqlite3.node
 → /Users/pranavchanga/.npm/_npx/1ddbeaccabfe00a4/node_modules/better-sqlite3/out/Debug/better_sqlite3.node
 → /Users/pranavchanga/.npm/_npx/1ddbeaccabfe00a4/node_modules/better-sqlite3/Debug/better_sqlite3.node
 → /Users/pranavchanga/.npm/_npx/1ddbeaccabfe00a4/node_modules/better-sqlite3/out/Release/better_sqlite3.node
 → /Users/pranavchanga/.npm/_npx/1ddbeaccabfe00a4/node_modules/better-sqlite3/Release/better_sqlite3.node
 → /Users/pranavchanga/.npm/_npx/1ddbeaccabfe00a4/node_modules/better-sqlite3/build/default/better_sqlite3.node
 → /Users/pranavchanga/.npm/_npx/1ddbeaccabfe00a4/node_modules/better-sqlite3/compiled/23.11.0/darwin/arm64/better_sqlite3.node
 → /Users/pranavchanga/.npm/_npx/1ddbeaccabfe00a4/node_modules/better-sqlite3/addon-build/release/install-root/better_sqlite3.node
 → /Users/pranavchanga/.npm/_npx/1ddbeaccabfe00a4/node_modules/better-sqlite3/addon-build/debug/install-root/better_sqlite3.node
 → /Users/pranavchanga/.npm/_npx/1ddbeaccabfe00a4/node_modules/better-sqlite3/addon-build/default/install-root/better_sqlite3.node
 → /Users/pranavchanga/.npm/_npx/1ddbeaccabfe00a4/node_modules/better-sqlite3/lib/binding/node-v131-darwin-arm64/better_sqlite3.node
2025-06-14T11:50:22.455Z [ERROR]: Error running database migrations: Error: Could not locate the bindings file. Tried:
 → /Users/pranavchanga/.npm/_npx/1ddbeaccabfe00a4/node_modules/better-sqlite3/build/better_sqlite3.node
 → /Users/pranavchanga/.npm/_npx/1ddbeaccabfe00a4/node_modules/better-sqlite3/build/Debug/better_sqlite3.node
 → /Users/pranavchanga/.npm/_npx/1ddbeaccabfe00a4/node_modules/better-sqlite3/build/Release/better_sqlite3.node
 → /Users/pranavchanga/.npm/_npx/1ddbeaccabfe00a4/node_modules/better-sqlite3/out/Debug/better_sqlite3.node
 → /Users/pranavchanga/.npm/_npx/1ddbeaccabfe00a4/node_modules/better-sqlite3/Debug/better_sqlite3.node
 → /Users/pranavchanga/.npm/_npx/1ddbeaccabfe00a4/node_modules/better-sqlite3/out/Release/better_sqlite3.node
 → /Users/pranavchanga/.npm/_npx/1ddbeaccabfe00a4/node_modules/better-sqlite3/Release/better_sqlite3.node
 → /Users/pranavchanga/.npm/_npx/1ddbeaccabfe00a4/node_modules/better-sqlite3/build/default/better_sqlite3.node
 → /Users/pranavchanga/.npm/_npx/1ddbeaccabfe00a4/node_modules/better-sqlite3/compiled/23.11.0/darwin/arm64/better_sqlite3.node
 → /Users/pranavchanga/.npm/_npx/1ddbeaccabfe00a4/node_modules/better-sqlite3/addon-build/release/install-root/better_sqlite3.node
 → /Users/pranavchanga/.npm/_npx/1ddbeaccabfe00a4/node_modules/better-sqlite3/addon-build/debug/install-root/better_sqlite3.node
 → /Users/pranavchanga/.npm/_npx/1ddbeaccabfe00a4/node_modules/better-sqlite3/addon-build/default/install-root/better_sqlite3.node
 → /Users/pranavchanga/.npm/_npx/1ddbeaccabfe00a4/node_modules/better-sqlite3/lib/binding/node-v131-darwin-arm64/better_sqlite3.node
2025-06-14T11:50:23.478Z [ERROR]: Error running database migrations: Error: Could not locate the bindings file. Tried:
 → /Users/pranavchanga/.npm/_npx/1ddbeaccabfe00a4/node_modules/better-sqlite3/build/better_sqlite3.node
 → /Users/pranavchanga/.npm/_npx/1ddbeaccabfe00a4/node_modules/better-sqlite3/build/Debug/better_sqlite3.node
 → /Users/pranavchanga/.npm/_npx/1ddbeaccabfe00a4/node_modules/better-sqlite3/build/Release/better_sqlite3.node
 → /Users/pranavchanga/.npm/_npx/1ddbeaccabfe00a4/node_modules/better-sqlite3/out/Debug/better_sqlite3.node
 → /Users/pranavchanga/.npm/_npx/1ddbeaccabfe00a4/node_modules/better-sqlite3/Debug/better_sqlite3.node
 → /Users/pranavchanga/.npm/_npx/1ddbeaccabfe00a4/node_modules/better-sqlite3/out/Release/better_sqlite3.node
 → /Users/pranavchanga/.npm/_npx/1ddbeaccabfe00a4/node_modules/better-sqlite3/Release/better_sqlite3.node
 → /Users/pranavchanga/.npm/_npx/1ddbeaccabfe00a4/node_modules/better-sqlite3/build/default/better_sqlite3.node
 → /Users/pranavchanga/.npm/_npx/1ddbeaccabfe00a4/node_modules/better-sqlite3/compiled/23.11.0/darwin/arm64/better_sqlite3.node
 → /Users/pranavchanga/.npm/_npx/1ddbeaccabfe00a4/node_modules/better-sqlite3/addon-build/release/install-root/better_sqlite3.node
 → /Users/pranavchanga/.npm/_npx/1ddbeaccabfe00a4/node_modules/better-sqlite3/addon-build/debug/install-root/better_sqlite3.node
 → /Users/pranavchanga/.npm/_npx/1ddbeaccabfe00a4/node_modules/better-sqlite3/addon-build/default/install-root/better_sqlite3.node
 → /Users/pranavchanga/.npm/_npx/1ddbeaccabfe00a4/node_modules/better-sqlite3/lib/binding/node-v131-darwin-arm64/better_sqlite3.node
